<?xml version="1.0" encoding="UTF-8"?>
<!-- Generated by org.testng.reporters.JUnitXMLReporter -->
<testsuite ignored="0" hostname="DESKTOP-DJ4FDME" failures="0" tests="3" name="Default test" time="27.687" errors="0" timestamp="2024-06-08T07:28:45 IST">
  <testcase classname="org.wipro.auto.fb.testcases.SignupScenario" name="tc02_validateSignupvalidation" time="2.306"/>
  <testcase classname="org.wipro.auto.fb.testcases.SignupScenario" name="tc02_validateSignupvalidation" time="4.215"/>
  <testcase classname="org.wipro.auto.fb.testcases.SignupScenario" name="tc02_validateSignupvalidation" time="2.861"/>
</testsuite> <!-- Default test -->
