<?xml version="1.0" encoding="UTF-8"?>
<testng-results ignored="0" total="3" passed="3" failed="0" skipped="0">
  <reporter-output>
  </reporter-output>
  <suite started-at="2024-06-08T07:28:17 IST" name="Default suite" finished-at="2024-06-08T07:28:45 IST" duration-ms="27687">
    <groups>
    </groups>
    <test started-at="2024-06-08T07:28:17 IST" name="Default test" finished-at="2024-06-08T07:28:45 IST" duration-ms="27687">
      <class name="org.wipro.auto.fb.testcases.SignupScenario">
        <test-method is-config="true" signature="launchBrowser()[pri:0, instance:org.wipro.auto.fb.testcases.SignupScenario@6bd61f98]" started-at="2024-06-08T07:28:17 IST" name="launchBrowser" finished-at="2024-06-08T07:28:23 IST" duration-ms="6173" status="PASS">
          <reporter-output>
          </reporter-output>
        </test-method> <!-- launchBrowser -->
        <test-method signature="tc02_validateSignupvalidation(java.lang.String,java.lang.String)[pri:0, instance:org.wipro.auto.fb.testcases.SignupScenario@6bd61f98]" started-at="2024-06-08T07:28:23 IST" name="tc02_validateSignupvalidation" data-provider="dob" finished-at="2024-06-08T07:28:26 IST" duration-ms="2306" status="PASS">
          <params>
            <param index="0">
              <value>
                <![CDATA[18]]>
              </value>
            </param>
            <param index="1">
              <value>
                <![CDATA[Jul]]>
              </value>
            </param>
          </params>
          <reporter-output>
          </reporter-output>
        </test-method> <!-- tc02_validateSignupvalidation -->
        <test-method is-config="true" signature="closeBrowser()[pri:0, instance:org.wipro.auto.fb.testcases.SignupScenario@6bd61f98]" started-at="2024-06-08T07:28:26 IST" name="closeBrowser" finished-at="2024-06-08T07:28:26 IST" duration-ms="0" status="PASS">
          <reporter-output>
          </reporter-output>
        </test-method> <!-- closeBrowser -->
        <test-method is-config="true" signature="launchBrowser()[pri:0, instance:org.wipro.auto.fb.testcases.SignupScenario@6bd61f98]" started-at="2024-06-08T07:28:26 IST" name="launchBrowser" finished-at="2024-06-08T07:28:31 IST" duration-ms="5850" status="PASS">
          <reporter-output>
          </reporter-output>
        </test-method> <!-- launchBrowser -->
        <test-method signature="tc02_validateSignupvalidation(java.lang.String,java.lang.String)[pri:0, instance:org.wipro.auto.fb.testcases.SignupScenario@6bd61f98]" started-at="2024-06-08T07:28:31 IST" name="tc02_validateSignupvalidation" data-provider="dob" finished-at="2024-06-08T07:28:36 IST" duration-ms="4215" status="PASS">
          <params>
            <param index="0">
              <value>
                <![CDATA[8]]>
              </value>
            </param>
            <param index="1">
              <value>
                <![CDATA[Apr]]>
              </value>
            </param>
          </params>
          <reporter-output>
          </reporter-output>
        </test-method> <!-- tc02_validateSignupvalidation -->
        <test-method is-config="true" signature="closeBrowser()[pri:0, instance:org.wipro.auto.fb.testcases.SignupScenario@6bd61f98]" started-at="2024-06-08T07:28:36 IST" name="closeBrowser" finished-at="2024-06-08T07:28:36 IST" duration-ms="0" status="PASS">
          <reporter-output>
          </reporter-output>
        </test-method> <!-- closeBrowser -->
        <test-method is-config="true" signature="launchBrowser()[pri:0, instance:org.wipro.auto.fb.testcases.SignupScenario@6bd61f98]" started-at="2024-06-08T07:28:36 IST" name="launchBrowser" finished-at="2024-06-08T07:28:42 IST" duration-ms="6129" status="PASS">
          <reporter-output>
          </reporter-output>
        </test-method> <!-- launchBrowser -->
        <test-method signature="tc02_validateSignupvalidation(java.lang.String,java.lang.String)[pri:0, instance:org.wipro.auto.fb.testcases.SignupScenario@6bd61f98]" started-at="2024-06-08T07:28:42 IST" name="tc02_validateSignupvalidation" data-provider="dob" finished-at="2024-06-08T07:28:45 IST" duration-ms="2861" status="PASS">
          <params>
            <param index="0">
              <value>
                <![CDATA[17]]>
              </value>
            </param>
            <param index="1">
              <value>
                <![CDATA[May]]>
              </value>
            </param>
          </params>
          <reporter-output>
          </reporter-output>
        </test-method> <!-- tc02_validateSignupvalidation -->
        <test-method is-config="true" signature="closeBrowser()[pri:0, instance:org.wipro.auto.fb.testcases.SignupScenario@6bd61f98]" started-at="2024-06-08T07:28:45 IST" name="closeBrowser" finished-at="2024-06-08T07:28:45 IST" duration-ms="3" status="PASS">
          <reporter-output>
          </reporter-output>
        </test-method> <!-- closeBrowser -->
      </class> <!-- org.wipro.auto.fb.testcases.SignupScenario -->
    </test> <!-- Default test -->
  </suite> <!-- Default suite -->
</testng-results>
